<?xml version="1.0" encoding="UTF-8"?>
<!-- Generated by org.testng.reporters.JUnitReportReporter -->
<testsuite skipped="0" hostname="user-PC" name="TestNGDemo.Annotations2" tests="5" failures="0" timestamp="19 Dec 2018 03:18:00 GMT" time="0.123" errors="0">
  <testcase name="tst3" time="0.006" classname="TestNGDemo.Annotations2"/>
  <testcase name="tst2" time="0.059" classname="TestNGDemo.Annotations2"/>
  <testcase name="tst4" time="0.006" classname="TestNGDemo.Annotations2"/>
  <testcase name="tst1" time="0.040" classname="TestNGDemo.Annotations2"/>
  <testcase name="tst5" time="0.012" classname="TestNGDemo.Annotations2"/>
</testsuite> <!-- TestNGDemo.Annotations2 -->
